<?xml version="1.0" encoding="UTF-8"?>
<!-- Generated by org.testng.reporters.JUnitReportReporter -->
<testsuite hostname="DESKTOP-0AKIK9D" failures="0" tests="2" name="com.qa.tests.LoginPageTest" time="6.812" errors="0" timestamp="2024-06-10T16:55:25 CEST" skipped="0">
  <testcase classname="com.qa.tests.LoginPageTest" name="verifyErrorMessage" time="2.745"/>
  <testcase classname="com.qa.tests.LoginPageTest" name="verifySuccessMessage" time="4.067"/>
</testsuite> <!-- com.qa.tests.LoginPageTest -->
