<?xml version="1.0" encoding="UTF-8"?>
<!-- Generated by org.testng.reporters.JUnitReportReporter -->
<testsuite hostname="DESKTOP-0AKIK9D" failures="0" tests="2" name="com.qa.tests.LoginPageTest" time="6.775" errors="0" timestamp="2024-06-10T14:47:21 CEST" skipped="0">
  <testcase classname="com.qa.tests.LoginPageTest" name="verifySuccessMessage" time="3.858"/>
  <testcase classname="com.qa.tests.LoginPageTest" name="verifyErrorMessage" time="2.917"/>
</testsuite> <!-- com.qa.tests.LoginPageTest -->
